00.028318
00.028598
00.028663
00.029988
00.030038
00.030071
00.029923
00.029953
00.032814
00.034174
00.034334
00.034734
00.034626
00.034728
00.034545
00.040051
00.040099
00.040083
00.040509
00.040619
00.040594
00.043283
00.043379
00.042691
00.044412
00.044307
00.044269
00.013629
00.012794
00.012698
00.012649
00.019550
00.019682
00.015090
00.015364
00.015450
00.015126
00.014699
00.019208
00.022447
00.029424
00.035416
00.038626
00.039920
00.040506
00.043789
00.052913
00.053054
00.056413
00.060669
00.063577
00.062147
00.069046
00.073712
00.082731
00.091403
00.094477
