00.006214
00.006108
00.006145
00.006813
00.006894
00.006855
00.006893
00.006954
00.007007
00.006877
00.006966
00.007015
00.006968
00.006938
00.006932
00.006967
00.007054
00.005003
00.003736
00.003664
00.003691
00.011835
00.011894
00.011595
00.011619
00.008784
00.008670
00.008560
00.008593
00.008705
00.008773
00.008856
00.008841
00.008700
00.008688
00.008704
00.008742
00.008594
00.008635
00.003558
00.005442
00.005800
00.005938
00.006042
00.006022
00.006053
00.006117
00.011923
00.012012
00.012082
00.012264
00.012348
00.012430
00.012642
00.012713
00.012885
00.013042
00.022241
00.022364
00.022971
00.023318
00.023327
00.023416
00.016622
00.011712
00.009529
00.009308
00.007793
00.006306
00.006172
00.001338
00.001064
00.003250
00.003361
00.003423
00.003429
00.003382
00.003424
00.002668
00.002464
00.002526
00.002483
00.002713
00.002740
00.002981
00.002915
00.002978
00.002968
00.002950
00.002947
00.001188
00.003564
00.003572
00.003665
00.003858
00.003911
00.004100
00.004187
00.004277
00.004418
00.004524
00.004656
00.004752
00.004781
00.018225
00.018482
00.018587
00.018856
00.019169
00.019292
