00.006162
00.006219
00.006269
00.012097
00.013205
00.013346
00.013438
00.013488
00.016469
00.016545
00.016603
00.016649
00.016577
00.016617
00.016743
00.016750
00.016673
00.016775
00.019499
00.018149
00.017891
00.017806
00.017788
00.017706
00.017235
00.018751
00.016196
00.016251
00.016531
00.021074
00.021124
00.021172
00.021031
00.021060
00.021107
00.021035
00.020966
00.020924
00.020941
00.021103
00.003529
00.005829
00.006065
00.005978
00.006304
00.006568
00.006709
00.008435
00.008621
00.008685
00.008806
00.008919
00.008912
00.006441
00.006544
00.006569
00.006686
00.011407
00.011545
00.011882
00.011997
00.012028
00.012145
00.012399
00.012430
00.012639
00.012775
00.010263
00.010402
00.010509
00.003950
00.004039
00.003999
00.004170
00.004092
00.004202
00.004179
00.004330
00.004374
00.004492
00.004385
00.004593
00.004502
00.009714
00.010927
00.011181
00.001806
00.001682
00.000728
00.001433
00.011793
00.011487
00.011668
00.011723
00.011672
00.011783
00.011865
00.011921
00.012134
00.012092
00.012131
00.012250
00.012440
00.012310
00.012436
00.012493
00.019128
00.019408
00.019805
00.020874
00.026852
00.026961
00.026941
00.027055
00.027113
00.027176
00.027277
00.029244
00.029352
00.029522
00.003294
00.003113
00.002711
00.002817
00.002923
00.003059
00.003069
00.003279
00.003350
00.003510
00.003513
00.003644
00.003650
00.003779
00.003890
00.004058
00.004097
00.004229
00.007040
00.007370
