00.002656
00.011223
00.010911
00.013633
00.013447
00.013500
00.013151
00.013141
00.005703
00.004397
00.009891
00.011634
00.008390
00.008362
00.008476
00.008581
00.008121
00.008092
00.007638
00.007688
00.009845
00.009915
00.009980
00.009867
00.009912
00.009943
00.013325
00.013650
00.014234
00.014367
00.014586
00.014587
00.017939
00.021329
00.021433
00.012763
00.012184
00.004785
00.004736
00.002199
00.007998
00.007842
00.007960
00.008107
00.008259
00.008299
00.008387
00.008632
00.008694
00.008816
00.009093
00.009235
00.009181
00.009477
00.009691
00.027650
00.017538
00.017453
00.017566
00.022187
00.022306
00.022419
00.022594
00.022678
00.026535
00.027147
00.028479
00.028887
00.028967
00.029078
00.029208
00.029444
00.029567
00.029679
00.029890
00.029994
00.030074
00.030196
00.030560
00.030700
00.001908
00.001724
00.002210
00.002429
00.002622
00.002664
00.009078
00.009243
00.009404
00.009561
00.009771
00.009854
00.009986
00.010420
00.010622
00.010827
00.011075
00.011122
00.011428
00.011597
00.011739
00.011912
00.012282
00.012343
00.012633
00.012764
00.012866
00.012994
00.013122
00.013277
