00.009319
00.009524
00.009599
00.009325
00.009399
00.015629
00.015614
00.015822
00.018677
00.018435
00.018519
00.018571
00.018371
00.018423
00.011347
00.009535
00.013361
00.013348
00.012780
00.012950
00.010406
00.009823
00.008053
00.007848
00.018372
00.018852
00.019093
00.018853
00.018867
00.018890
00.003466
00.004241
00.004252
00.004291
00.004401
00.004840
00.011250
00.011667
00.011725
00.011798
00.011916
00.011981
00.011974
00.009507
00.009495
00.009556
00.009681
00.009646
00.009741
00.009856
00.009904
00.009990
00.010101
00.010245
00.010322
00.010439
00.007977
00.008015
00.008299
00.008366
00.007684
00.007539
00.007569
00.007751
00.007762
00.007835
00.007977
00.008203
00.008276
00.008447
00.008647
00.008734
00.008877
00.008953
00.009021
00.014010
00.014255
00.014346
00.015712
00.015935
00.016121
00.016280
00.019699
00.010781
00.010720
00.007812
00.007979
00.008136
00.005166
00.005182
00.002846
00.003620
00.003747
00.003961
00.003943
00.004323
00.004719
00.004829
00.004990
00.005103
00.005323
00.005494
00.002727
00.002686
00.002770
00.003134
00.003273
00.003324
00.003437
00.003574
00.003640
00.003882
00.003877
00.004032
00.004232
00.005156
00.005491
00.005833
00.005916
00.006103
00.006982
00.007383
00.007551
00.007412
00.007712
00.015640
00.015911
00.016087
00.016333
00.016383
00.017891
00.021310
00.021639
00.021860
00.022098
00.022177
00.022470
00.022676
00.022877
00.023065
00.024824
00.024929
00.025215
00.025379
00.025535
00.025680
00.027704
00.028446
00.028767
00.029667
