00.006047
00.008233
00.021330
00.021552
00.029085
00.028938
00.028872
00.030500
00.033123
00.033001
00.033224
00.035995
00.038994
00.039177
00.040130
00.040824
00.042836
00.042728
00.042491
00.042922
00.012501
00.011422
00.011469
00.011514
00.021506
00.017286
00.017114
00.016861
00.016901
00.016703
00.018633
00.019714
00.021793
00.029896
00.036215
00.038165
00.040164
00.040631
00.042685
00.052229
00.053832
00.055940
00.062261
00.054959
00.061046
00.071153
00.076986
00.082746
00.093144
00.096887
