2023-02-08 23:20:52,896 - root - DEBUG - Main - acquire a child logger and then log messages in the child
2023-02-08 23:20:52,901 - SubAppln - DEBUG - Main: parse command line arguments
2023-02-08 23:20:52,923 - SubAppln - DEBUG - Main: resetting log level to 10
2023-02-08 23:20:52,924 - SubAppln - DEBUG - Main: effective log level is 10
2023-02-08 23:20:52,924 - SubAppln - DEBUG - Main: obtain the object
2023-02-08 23:20:52,924 - SubAppln - DEBUG - SubscriberAppln::configure
2023-02-08 23:20:52,925 - SubAppln - DEBUG - SubscriberAppln::configure - parsing config.ini
2023-02-08 23:20:52,927 - SubAppln - DEBUG - SubscriberAppln::configure - selecting our topic list
2023-02-08 23:20:52,927 - SubAppln - DEBUG - SubscriberAppln::configure - initialize the middleware object
2023-02-08 23:20:52,927 - SubAppln - DEBUG - SubscriberMW::configure
2023-02-08 23:20:52,927 - SubAppln - DEBUG - SubscriberMW::configure - obtain ZMQ context
2023-02-08 23:20:52,927 - SubAppln - DEBUG - SubscriberMW::configure - obtain the poller
2023-02-08 23:20:52,928 - SubAppln - DEBUG - SubscriberMW::configure - obtain REQ and SUB sockets
2023-02-08 23:20:52,929 - SubAppln - DEBUG - SubscriberMW::configure - register the REQ socket for incoming replies
2023-02-08 23:20:52,929 - SubAppln - DEBUG - SubscriberMW::configure - connect to Discovery service
2023-02-08 23:20:52,930 - SubAppln - DEBUG - SubscriberMW::configure - connect to the sub socket
2023-02-08 23:20:52,931 - SubAppln - DEBUG - SubscriberAppln::configure - configuration complete
2023-02-08 23:20:52,932 - SubAppln - DEBUG - SubscriberAppln::driver
2023-02-08 23:20:52,932 - SubAppln - DEBUG - **********************************
2023-02-08 23:20:52,932 - SubAppln - DEBUG - SubscriberAppln::dump
2023-02-08 23:20:52,932 - SubAppln - DEBUG - ------------------------------
2023-02-08 23:20:52,932 - SubAppln - DEBUG -      Name: sub2
2023-02-08 23:20:52,932 - SubAppln - DEBUG -      Lookup: Centralized
2023-02-08 23:20:52,932 - SubAppln - DEBUG -      Dissemination: Broker
2023-02-08 23:20:52,932 - SubAppln - DEBUG -      topicList: ['altitude', 'light', 'pressure', 'weather', 'temperature']
2023-02-08 23:20:52,932 - SubAppln - DEBUG - **********************************
2023-02-08 23:20:52,932 - SubAppln - DEBUG - SubscriberAppln::driver - register with the discovery service
2023-02-08 23:20:52,932 - SubAppln - DEBUG - SubscriberMW::register
2023-02-08 23:20:52,932 - SubAppln - DEBUG - SubscriberMW::register - populate the nested register req
2023-02-08 23:20:52,932 - SubAppln - DEBUG - SubscriberMW::register - done populating nested RegisterReq
2023-02-08 23:20:52,932 - SubAppln - DEBUG - SubscriberMW::register - build the outer DiscoveryReq message
2023-02-08 23:20:52,932 - SubAppln - DEBUG - SubscriberMW::register - done building the outer message
2023-02-08 23:20:52,935 - SubAppln - DEBUG - Stringified serialized buf = b'\x08\x01\x12]\n\nsubscriber\x12+altitude,light,pressure,weather,temperature\x1a\x12sub2:10.0.0.7:5577"\x0810.0.0.7*\x045577'
2023-02-08 23:20:52,935 - SubAppln - DEBUG - SubscriberMW::register - send stringified buffer to Discovery service
2023-02-08 23:20:52,936 - SubAppln - DEBUG - SubscriberMW::register - now wait for reply
2023-02-08 23:20:52,936 - SubAppln - DEBUG - SubscriberMW::event_loop - run the event loop
2023-02-08 23:20:58,868 - SubAppln - DEBUG - SubscriberMW::handle_reply
2023-02-08 23:20:58,868 - SubAppln - DEBUG - SubscriberAppln::driver - result of registration
2023-02-08 23:20:58,868 - SubAppln - DEBUG - SubscriberAppln::driver - check if are ready to go
2023-02-08 23:20:58,868 - SubAppln - DEBUG - SubscriberMW::is_ready
2023-02-08 23:20:58,868 - SubAppln - DEBUG - SubscriberMW::is_ready - populate the nested IsReady msg
2023-02-08 23:20:58,868 - SubAppln - DEBUG - SubscriberMW::is_ready - done populating nested IsReady msg
2023-02-08 23:20:58,869 - SubAppln - DEBUG - SubscriberMW::is_ready - build the outer DiscoveryReq message
2023-02-08 23:20:58,869 - SubAppln - DEBUG - SubscriberMW::is_ready - done building the outer message
2023-02-08 23:20:58,869 - SubAppln - DEBUG - Stringified serialized buf = b'\x08\x02\x1a\x00'
2023-02-08 23:20:58,869 - SubAppln - DEBUG - SubscriberMW::is_ready - send stringified buffer to Discovery service
2023-02-08 23:20:58,869 - SubAppln - DEBUG - SubscriberMW::is_ready - now wait for reply
2023-02-08 23:20:58,869 - SubAppln - DEBUG - SubscriberMW::event_loop - run the event loop
2023-02-08 23:21:07,889 - SubAppln - DEBUG - SubscriberMW::handle_reply
2023-02-08 23:21:07,890 - SubAppln - DEBUG - SubscriberAppln::driver - Received True from Discovery Service ready check
2023-02-08 23:21:07,890 - SubAppln - DEBUG - SubscriberMW::lookup
2023-02-08 23:21:07,890 - SubAppln - DEBUG - SubscriberMW::lookup - populate the nested LookupPubByTopicReq msg
2023-02-08 23:21:07,890 - SubAppln - DEBUG - SubscriberMW::lookup - done populating nested LookupPubByTopicReq msg
2023-02-08 23:21:07,890 - SubAppln - DEBUG - SubscriberMW::lookup - build the outer discovery message
2023-02-08 23:21:07,890 - SubAppln - DEBUG - SubscriberMW::lookup - done building the outer message
2023-02-08 23:21:07,890 - SubAppln - DEBUG - Stringified serialized buf = b'\x08\x03"-\n+altitude,light,pressure,weather,temperature'
2023-02-08 23:21:07,890 - SubAppln - DEBUG - SubscriberMW::lookup - send stringified buffer to Discovery service
2023-02-08 23:21:07,890 - SubAppln - DEBUG - SubscriberMW::lookup - now wait for list of publishers
2023-02-08 23:21:07,890 - SubAppln - DEBUG - SubscriberMW::event_loop - run the event loop
2023-02-08 23:21:15,907 - SubAppln - DEBUG - SubscriberMW::handle_reply
2023-02-08 23:21:15,907 - SubAppln - DEBUG - SubscriberMW::connect_pubs - connecting to ['10.0.0.10:5577']
2023-02-08 23:21:15,908 - SubAppln - DEBUG - SubscriberMW::connect_pubs - register the SUB socket for incoming messages
2023-02-08 23:21:15,908 - SubAppln - DEBUG - SubscriberAppln::driver - Listening for publishes of interest
2023-02-08 23:21:15,908 - SubAppln - DEBUG - SubscriberMW::event_loop - run the event loop
2023-02-08 23:21:16,908 - SubAppln - DEBUG - SubscriberMW::handle_message
2023-02-08 23:21:16,911 - SubAppln - DEBUG - SubscriberAppln::driver - Received topic: "pressure"
content: "1063"
timestamp: "02/08/2023, 23:21:16.896797"

2023-02-08 23:21:16,911 - SubAppln - DEBUG - SubscriberMW::event_loop - run the event loop
2023-02-08 23:21:16,911 - SubAppln - DEBUG - SubscriberMW::handle_message
2023-02-08 23:21:16,911 - SubAppln - DEBUG - SubscriberAppln::driver - Received topic: "light"
content: "1100"
timestamp: "02/08/2023, 23:21:16.898282"

2023-02-08 23:21:16,912 - SubAppln - DEBUG - SubscriberMW::event_loop - run the event loop
2023-02-08 23:21:16,912 - SubAppln - DEBUG - SubscriberMW::handle_message
2023-02-08 23:21:16,912 - SubAppln - DEBUG - SubscriberAppln::driver - Received topic: "pressure"
content: "1011"
timestamp: "02/08/2023, 23:21:16.898405"

2023-02-08 23:21:16,912 - SubAppln - DEBUG - SubscriberMW::event_loop - run the event loop
2023-02-08 23:21:16,921 - SubAppln - DEBUG - SubscriberMW::handle_message
2023-02-08 23:21:16,921 - SubAppln - DEBUG - SubscriberAppln::driver - Received topic: "light"
content: "1100"
timestamp: "02/08/2023, 23:21:16.903242"

2023-02-08 23:21:16,921 - SubAppln - DEBUG - SubscriberMW::event_loop - run the event loop
2023-02-08 23:21:16,922 - SubAppln - DEBUG - SubscriberMW::handle_message
2023-02-08 23:21:16,922 - SubAppln - DEBUG - SubscriberAppln::driver - Received topic: "pressure"
content: "1063"
timestamp: "02/08/2023, 23:21:16.903580"

2023-02-08 23:21:16,922 - SubAppln - DEBUG - SubscriberMW::event_loop - run the event loop
2023-02-08 23:21:16,922 - SubAppln - DEBUG - SubscriberMW::handle_message
2023-02-08 23:21:16,922 - SubAppln - DEBUG - SubscriberAppln::driver - Received topic: "light"
content: "450"
timestamp: "02/08/2023, 23:21:16.904167"

2023-02-08 23:21:16,922 - SubAppln - DEBUG - SubscriberMW::event_loop - run the event loop
2023-02-08 23:21:16,922 - SubAppln - DEBUG - SubscriberMW::handle_message
2023-02-08 23:21:16,922 - SubAppln - DEBUG - SubscriberAppln::driver - Received topic: "pressure"
content: "983"
timestamp: "02/08/2023, 23:21:16.904529"

2023-02-08 23:21:16,922 - SubAppln - DEBUG - SubscriberMW::event_loop - run the event loop
2023-02-08 23:21:16,925 - SubAppln - DEBUG - SubscriberMW::handle_message
2023-02-08 23:21:16,925 - SubAppln - DEBUG - SubscriberAppln::driver - Received topic: "light"
content: "800"
timestamp: "02/08/2023, 23:21:16.905520"

2023-02-08 23:21:16,926 - SubAppln - DEBUG - SubscriberMW::event_loop - run the event loop
2023-02-08 23:21:16,927 - SubAppln - DEBUG - SubscriberMW::handle_message
2023-02-08 23:21:16,927 - SubAppln - DEBUG - SubscriberAppln::driver - Received topic: "pressure"
content: "949"
timestamp: "02/08/2023, 23:21:16.905653"

2023-02-08 23:21:16,927 - SubAppln - DEBUG - SubscriberMW::event_loop - run the event loop
2023-02-08 23:21:16,942 - SubAppln - DEBUG - SubscriberMW::handle_message
2023-02-08 23:21:16,943 - SubAppln - DEBUG - SubscriberAppln::driver - Received topic: "light"
content: "800"
timestamp: "02/08/2023, 23:21:16.906305"

2023-02-08 23:21:16,943 - SubAppln - DEBUG - SubscriberMW::event_loop - run the event loop
2023-02-08 23:21:16,944 - SubAppln - DEBUG - SubscriberMW::handle_message
2023-02-08 23:21:16,944 - SubAppln - DEBUG - SubscriberAppln::driver - Received topic: "pressure"
content: "944"
timestamp: "02/08/2023, 23:21:16.906477"

2023-02-08 23:21:16,944 - SubAppln - DEBUG - SubscriberMW::event_loop - run the event loop
2023-02-08 23:21:16,947 - SubAppln - DEBUG - SubscriberMW::handle_message
2023-02-08 23:21:16,947 - SubAppln - DEBUG - SubscriberAppln::driver - Received topic: "light"
content: "1100"
timestamp: "02/08/2023, 23:21:16.907077"

2023-02-08 23:21:16,948 - SubAppln - DEBUG - SubscriberMW::event_loop - run the event loop
2023-02-08 23:21:16,948 - SubAppln - DEBUG - SubscriberMW::handle_message
2023-02-08 23:21:16,949 - SubAppln - DEBUG - SubscriberAppln::driver - Received topic: "pressure"
content: "983"
timestamp: "02/08/2023, 23:21:16.907214"

2023-02-08 23:21:16,949 - SubAppln - DEBUG - SubscriberMW::event_loop - run the event loop
2023-02-08 23:21:16,962 - SubAppln - DEBUG - SubscriberMW::handle_message
2023-02-08 23:21:16,962 - SubAppln - DEBUG - SubscriberAppln::driver - Received topic: "light"
content: "1600"
timestamp: "02/08/2023, 23:21:16.907800"

2023-02-08 23:21:16,962 - SubAppln - DEBUG - SubscriberMW::event_loop - run the event loop
2023-02-08 23:21:16,963 - SubAppln - DEBUG - SubscriberMW::handle_message
2023-02-08 23:21:16,963 - SubAppln - DEBUG - SubscriberAppln::driver - Received topic: "pressure"
content: "1073"
timestamp: "02/08/2023, 23:21:16.907963"

2023-02-08 23:21:16,964 - SubAppln - DEBUG - SubscriberMW::event_loop - run the event loop
2023-02-08 23:21:16,975 - SubAppln - DEBUG - SubscriberMW::handle_message
2023-02-08 23:21:16,976 - SubAppln - DEBUG - SubscriberAppln::driver - Received topic: "light"
content: "450"
timestamp: "02/08/2023, 23:21:16.919609"

2023-02-08 23:21:16,976 - SubAppln - DEBUG - SubscriberMW::event_loop - run the event loop
2023-02-08 23:21:16,982 - SubAppln - DEBUG - SubscriberMW::handle_message
2023-02-08 23:21:16,983 - SubAppln - DEBUG - SubscriberAppln::driver - Received topic: "pressure"
content: "870"
timestamp: "02/08/2023, 23:21:16.919845"

2023-02-08 23:21:16,983 - SubAppln - DEBUG - SubscriberMW::event_loop - run the event loop
2023-02-08 23:21:16,998 - SubAppln - DEBUG - SubscriberMW::handle_message
2023-02-08 23:21:16,998 - SubAppln - DEBUG - SubscriberAppln::driver - Received topic: "light"
content: "800"
timestamp: "02/08/2023, 23:21:16.920371"

2023-02-08 23:21:16,999 - SubAppln - DEBUG - SubscriberMW::event_loop - run the event loop
2023-02-08 23:21:17,004 - SubAppln - DEBUG - SubscriberMW::handle_message
2023-02-08 23:21:17,004 - SubAppln - DEBUG - SubscriberAppln::driver - Received topic: "pressure"
content: "965"
timestamp: "02/08/2023, 23:21:16.920494"

2023-02-08 23:21:17,005 - SubAppln - DEBUG - SubscriberMW::event_loop - run the event loop
2023-02-08 23:21:17,018 - SubAppln - DEBUG - SubscriberMW::handle_message
2023-02-08 23:21:17,018 - SubAppln - DEBUG - SubscriberAppln::driver - Received topic: "light"
content: "450"
timestamp: "02/08/2023, 23:21:16.921031"

2023-02-08 23:21:17,019 - SubAppln - DEBUG - SubscriberMW::event_loop - run the event loop
