2023-02-08 23:20:52,889 - root - DEBUG - Main - acquire a child logger and then log messages in the child
2023-02-08 23:20:52,901 - SubAppln - DEBUG - Main: parse command line arguments
2023-02-08 23:20:52,921 - SubAppln - DEBUG - Main: resetting log level to 10
2023-02-08 23:20:52,921 - SubAppln - DEBUG - Main: effective log level is 10
2023-02-08 23:20:52,921 - SubAppln - DEBUG - Main: obtain the object
2023-02-08 23:20:52,921 - SubAppln - DEBUG - SubscriberAppln::configure
2023-02-08 23:20:52,921 - SubAppln - DEBUG - SubscriberAppln::configure - parsing config.ini
2023-02-08 23:20:52,922 - SubAppln - DEBUG - SubscriberAppln::configure - selecting our topic list
2023-02-08 23:20:52,924 - SubAppln - DEBUG - SubscriberAppln::configure - initialize the middleware object
2023-02-08 23:20:52,924 - SubAppln - DEBUG - SubscriberMW::configure
2023-02-08 23:20:52,924 - SubAppln - DEBUG - SubscriberMW::configure - obtain ZMQ context
2023-02-08 23:20:52,925 - SubAppln - DEBUG - SubscriberMW::configure - obtain the poller
2023-02-08 23:20:52,925 - SubAppln - DEBUG - SubscriberMW::configure - obtain REQ and SUB sockets
2023-02-08 23:20:52,926 - SubAppln - DEBUG - SubscriberMW::configure - register the REQ socket for incoming replies
2023-02-08 23:20:52,926 - SubAppln - DEBUG - SubscriberMW::configure - connect to Discovery service
2023-02-08 23:20:52,926 - SubAppln - DEBUG - SubscriberMW::configure - connect to the sub socket
2023-02-08 23:20:52,926 - SubAppln - DEBUG - SubscriberAppln::configure - configuration complete
2023-02-08 23:20:52,926 - SubAppln - DEBUG - SubscriberAppln::driver
2023-02-08 23:20:52,926 - SubAppln - DEBUG - **********************************
2023-02-08 23:20:52,926 - SubAppln - DEBUG - SubscriberAppln::dump
2023-02-08 23:20:52,926 - SubAppln - DEBUG - ------------------------------
2023-02-08 23:20:52,926 - SubAppln - DEBUG -      Name: sub3
2023-02-08 23:20:52,926 - SubAppln - DEBUG -      Lookup: Centralized
2023-02-08 23:20:52,926 - SubAppln - DEBUG -      Dissemination: Broker
2023-02-08 23:20:52,927 - SubAppln - DEBUG -      topicList: ['airquality', 'altitude', 'light', 'location', 'weather']
2023-02-08 23:20:52,927 - SubAppln - DEBUG - **********************************
2023-02-08 23:20:52,927 - SubAppln - DEBUG - SubscriberAppln::driver - register with the discovery service
2023-02-08 23:20:52,927 - SubAppln - DEBUG - SubscriberMW::register
2023-02-08 23:20:52,927 - SubAppln - DEBUG - SubscriberMW::register - populate the nested register req
2023-02-08 23:20:52,927 - SubAppln - DEBUG - SubscriberMW::register - done populating nested RegisterReq
2023-02-08 23:20:52,929 - SubAppln - DEBUG - SubscriberMW::register - build the outer DiscoveryReq message
2023-02-08 23:20:52,929 - SubAppln - DEBUG - SubscriberMW::register - done building the outer message
2023-02-08 23:20:52,930 - SubAppln - DEBUG - Stringified serialized buf = b'\x08\x01\x12\\\n\nsubscriber\x12*airquality,altitude,light,location,weather\x1a\x12sub3:10.0.0.8:5577"\x0810.0.0.8*\x045577'
2023-02-08 23:20:52,930 - SubAppln - DEBUG - SubscriberMW::register - send stringified buffer to Discovery service
2023-02-08 23:20:52,930 - SubAppln - DEBUG - SubscriberMW::register - now wait for reply
2023-02-08 23:20:52,930 - SubAppln - DEBUG - SubscriberMW::event_loop - run the event loop
2023-02-08 23:21:00,875 - SubAppln - DEBUG - SubscriberMW::handle_reply
2023-02-08 23:21:00,875 - SubAppln - DEBUG - SubscriberAppln::driver - result of registration
2023-02-08 23:21:00,875 - SubAppln - DEBUG - SubscriberAppln::driver - check if are ready to go
2023-02-08 23:21:00,875 - SubAppln - DEBUG - SubscriberMW::is_ready
2023-02-08 23:21:00,875 - SubAppln - DEBUG - SubscriberMW::is_ready - populate the nested IsReady msg
2023-02-08 23:21:00,875 - SubAppln - DEBUG - SubscriberMW::is_ready - done populating nested IsReady msg
2023-02-08 23:21:00,875 - SubAppln - DEBUG - SubscriberMW::is_ready - build the outer DiscoveryReq message
2023-02-08 23:21:00,875 - SubAppln - DEBUG - SubscriberMW::is_ready - done building the outer message
2023-02-08 23:21:00,875 - SubAppln - DEBUG - Stringified serialized buf = b'\x08\x02\x1a\x00'
2023-02-08 23:21:00,875 - SubAppln - DEBUG - SubscriberMW::is_ready - send stringified buffer to Discovery service
2023-02-08 23:21:00,876 - SubAppln - DEBUG - SubscriberMW::is_ready - now wait for reply
2023-02-08 23:21:00,876 - SubAppln - DEBUG - SubscriberMW::event_loop - run the event loop
2023-02-08 23:21:09,895 - SubAppln - DEBUG - SubscriberMW::handle_reply
2023-02-08 23:21:09,896 - SubAppln - DEBUG - SubscriberAppln::driver - Received True from Discovery Service ready check
2023-02-08 23:21:09,896 - SubAppln - DEBUG - SubscriberMW::lookup
2023-02-08 23:21:09,896 - SubAppln - DEBUG - SubscriberMW::lookup - populate the nested LookupPubByTopicReq msg
2023-02-08 23:21:09,896 - SubAppln - DEBUG - SubscriberMW::lookup - done populating nested LookupPubByTopicReq msg
2023-02-08 23:21:09,896 - SubAppln - DEBUG - SubscriberMW::lookup - build the outer discovery message
2023-02-08 23:21:09,896 - SubAppln - DEBUG - SubscriberMW::lookup - done building the outer message
2023-02-08 23:21:09,896 - SubAppln - DEBUG - Stringified serialized buf = b'\x08\x03",\n*airquality,altitude,light,location,weather'
2023-02-08 23:21:09,896 - SubAppln - DEBUG - SubscriberMW::lookup - send stringified buffer to Discovery service
2023-02-08 23:21:09,896 - SubAppln - DEBUG - SubscriberMW::lookup - now wait for list of publishers
2023-02-08 23:21:09,896 - SubAppln - DEBUG - SubscriberMW::event_loop - run the event loop
2023-02-08 23:21:12,901 - SubAppln - DEBUG - SubscriberMW::handle_reply
2023-02-08 23:21:12,901 - SubAppln - DEBUG - SubscriberMW::connect_pubs - connecting to ['10.0.0.10:5577']
2023-02-08 23:21:12,901 - SubAppln - DEBUG - SubscriberMW::connect_pubs - register the SUB socket for incoming messages
2023-02-08 23:21:12,901 - SubAppln - DEBUG - SubscriberAppln::driver - Listening for publishes of interest
2023-02-08 23:21:12,901 - SubAppln - DEBUG - SubscriberMW::event_loop - run the event loop
2023-02-08 23:21:14,906 - SubAppln - DEBUG - SubscriberMW::handle_message
2023-02-08 23:21:14,908 - SubAppln - DEBUG - SubscriberAppln::driver - Received topic: "altitude"
content: "19721"
timestamp: "02/08/2023, 23:21:14.895114"

2023-02-08 23:21:14,908 - SubAppln - DEBUG - SubscriberMW::event_loop - run the event loop
2023-02-08 23:21:14,917 - SubAppln - DEBUG - SubscriberMW::handle_message
2023-02-08 23:21:14,918 - SubAppln - DEBUG - SubscriberAppln::driver - Received topic: "altitude"
content: "39040"
timestamp: "02/08/2023, 23:21:14.895777"

2023-02-08 23:21:14,918 - SubAppln - DEBUG - SubscriberMW::event_loop - run the event loop
2023-02-08 23:21:14,924 - SubAppln - DEBUG - SubscriberMW::handle_message
2023-02-08 23:21:14,925 - SubAppln - DEBUG - SubscriberAppln::driver - Received topic: "altitude"
content: "39228"
timestamp: "02/08/2023, 23:21:14.896420"

2023-02-08 23:21:14,925 - SubAppln - DEBUG - SubscriberMW::event_loop - run the event loop
2023-02-08 23:21:14,927 - SubAppln - DEBUG - SubscriberMW::handle_message
2023-02-08 23:21:14,928 - SubAppln - DEBUG - SubscriberAppln::driver - Received topic: "altitude"
content: "20808"
timestamp: "02/08/2023, 23:21:14.897125"

2023-02-08 23:21:14,928 - SubAppln - DEBUG - SubscriberMW::event_loop - run the event loop
2023-02-08 23:21:14,930 - SubAppln - DEBUG - SubscriberMW::handle_message
2023-02-08 23:21:14,930 - SubAppln - DEBUG - SubscriberAppln::driver - Received topic: "altitude"
content: "18948"
timestamp: "02/08/2023, 23:21:14.897805"

2023-02-08 23:21:14,930 - SubAppln - DEBUG - SubscriberMW::event_loop - run the event loop
2023-02-08 23:21:14,934 - SubAppln - DEBUG - SubscriberMW::handle_message
2023-02-08 23:21:14,934 - SubAppln - DEBUG - SubscriberAppln::driver - Received topic: "altitude"
content: "29960"
timestamp: "02/08/2023, 23:21:14.898771"

2023-02-08 23:21:14,935 - SubAppln - DEBUG - SubscriberMW::event_loop - run the event loop
2023-02-08 23:21:14,938 - SubAppln - DEBUG - SubscriberMW::handle_message
2023-02-08 23:21:14,939 - SubAppln - DEBUG - SubscriberAppln::driver - Received topic: "altitude"
content: "36812"
timestamp: "02/08/2023, 23:21:14.899615"

2023-02-08 23:21:14,939 - SubAppln - DEBUG - SubscriberMW::event_loop - run the event loop
2023-02-08 23:21:14,941 - SubAppln - DEBUG - SubscriberMW::handle_message
2023-02-08 23:21:14,941 - SubAppln - DEBUG - SubscriberAppln::driver - Received topic: "altitude"
content: "39196"
timestamp: "02/08/2023, 23:21:14.900494"

2023-02-08 23:21:14,941 - SubAppln - DEBUG - SubscriberMW::event_loop - run the event loop
2023-02-08 23:21:14,944 - SubAppln - DEBUG - SubscriberMW::handle_message
2023-02-08 23:21:14,944 - SubAppln - DEBUG - SubscriberAppln::driver - Received topic: "altitude"
content: "39376"
timestamp: "02/08/2023, 23:21:14.903046"

2023-02-08 23:21:14,944 - SubAppln - DEBUG - SubscriberMW::event_loop - run the event loop
2023-02-08 23:21:14,947 - SubAppln - DEBUG - SubscriberMW::handle_message
2023-02-08 23:21:14,947 - SubAppln - DEBUG - SubscriberAppln::driver - Received topic: "altitude"
content: "27486"
timestamp: "02/08/2023, 23:21:14.904514"

2023-02-08 23:21:14,947 - SubAppln - DEBUG - SubscriberMW::event_loop - run the event loop
2023-02-08 23:21:16,912 - SubAppln - DEBUG - SubscriberMW::handle_message
2023-02-08 23:21:16,912 - SubAppln - DEBUG - SubscriberAppln::driver - Received topic: "airquality"
content: "poor"
timestamp: "02/08/2023, 23:21:16.897630"

2023-02-08 23:21:16,912 - SubAppln - DEBUG - SubscriberMW::event_loop - run the event loop
2023-02-08 23:21:16,912 - SubAppln - DEBUG - SubscriberMW::handle_message
2023-02-08 23:21:16,912 - SubAppln - DEBUG - SubscriberAppln::driver - Received topic: "location"
content: "Europe"
timestamp: "02/08/2023, 23:21:16.898156"

2023-02-08 23:21:16,913 - SubAppln - DEBUG - SubscriberMW::event_loop - run the event loop
2023-02-08 23:21:16,913 - SubAppln - DEBUG - SubscriberMW::handle_message
2023-02-08 23:21:16,913 - SubAppln - DEBUG - SubscriberAppln::driver - Received topic: "light"
content: "1100"
timestamp: "02/08/2023, 23:21:16.898282"

2023-02-08 23:21:16,913 - SubAppln - DEBUG - SubscriberMW::event_loop - run the event loop
2023-02-08 23:21:16,913 - SubAppln - DEBUG - SubscriberMW::handle_message
2023-02-08 23:21:16,913 - SubAppln - DEBUG - SubscriberAppln::driver - Received topic: "airquality"
content: "good"
timestamp: "02/08/2023, 23:21:16.898563"

2023-02-08 23:21:16,913 - SubAppln - DEBUG - SubscriberMW::event_loop - run the event loop
2023-02-08 23:21:16,917 - SubAppln - DEBUG - SubscriberMW::handle_message
2023-02-08 23:21:16,918 - SubAppln - DEBUG - SubscriberAppln::driver - Received topic: "location"
content: "Asia"
timestamp: "02/08/2023, 23:21:16.898803"

2023-02-08 23:21:16,918 - SubAppln - DEBUG - SubscriberMW::event_loop - run the event loop
2023-02-08 23:21:16,918 - SubAppln - DEBUG - SubscriberMW::handle_message
2023-02-08 23:21:16,918 - SubAppln - DEBUG - SubscriberAppln::driver - Received topic: "light"
content: "1100"
timestamp: "02/08/2023, 23:21:16.903242"

2023-02-08 23:21:16,918 - SubAppln - DEBUG - SubscriberMW::event_loop - run the event loop
2023-02-08 23:21:16,918 - SubAppln - DEBUG - SubscriberMW::handle_message
2023-02-08 23:21:16,918 - SubAppln - DEBUG - SubscriberAppln::driver - Received topic: "airquality"
content: "smog"
timestamp: "02/08/2023, 23:21:16.903715"

2023-02-08 23:21:16,918 - SubAppln - DEBUG - SubscriberMW::event_loop - run the event loop
2023-02-08 23:21:16,918 - SubAppln - DEBUG - SubscriberMW::handle_message
2023-02-08 23:21:16,918 - SubAppln - DEBUG - SubscriberAppln::driver - Received topic: "location"
content: "Asia"
timestamp: "02/08/2023, 23:21:16.904037"

2023-02-08 23:21:16,918 - SubAppln - DEBUG - SubscriberMW::event_loop - run the event loop
2023-02-08 23:21:16,918 - SubAppln - DEBUG - SubscriberMW::handle_message
2023-02-08 23:21:16,918 - SubAppln - DEBUG - SubscriberAppln::driver - Received topic: "light"
content: "450"
timestamp: "02/08/2023, 23:21:16.904167"

2023-02-08 23:21:16,919 - SubAppln - DEBUG - SubscriberMW::event_loop - run the event loop
2023-02-08 23:21:16,919 - SubAppln - DEBUG - SubscriberMW::handle_message
2023-02-08 23:21:16,919 - SubAppln - DEBUG - SubscriberAppln::driver - Received topic: "airquality"
content: "smog"
timestamp: "02/08/2023, 23:21:16.905027"

2023-02-08 23:21:16,919 - SubAppln - DEBUG - SubscriberMW::event_loop - run the event loop
2023-02-08 23:21:16,923 - SubAppln - DEBUG - SubscriberMW::handle_message
2023-02-08 23:21:16,923 - SubAppln - DEBUG - SubscriberAppln::driver - Received topic: "location"
content: "Europe"
timestamp: "02/08/2023, 23:21:16.905371"

2023-02-08 23:21:16,924 - SubAppln - DEBUG - SubscriberMW::event_loop - run the event loop
2023-02-08 23:21:16,925 - SubAppln - DEBUG - SubscriberMW::handle_message
2023-02-08 23:21:16,925 - SubAppln - DEBUG - SubscriberAppln::driver - Received topic: "light"
content: "800"
timestamp: "02/08/2023, 23:21:16.905520"

2023-02-08 23:21:16,925 - SubAppln - DEBUG - SubscriberMW::event_loop - run the event loop
2023-02-08 23:21:16,928 - SubAppln - DEBUG - SubscriberMW::handle_message
2023-02-08 23:21:16,928 - SubAppln - DEBUG - SubscriberAppln::driver - Received topic: "airquality"
content: "good"
timestamp: "02/08/2023, 23:21:16.905785"

2023-02-08 23:21:16,928 - SubAppln - DEBUG - SubscriberMW::event_loop - run the event loop
2023-02-08 23:21:16,935 - SubAppln - DEBUG - SubscriberMW::handle_message
2023-02-08 23:21:16,936 - SubAppln - DEBUG - SubscriberAppln::driver - Received topic: "location"
content: "Australia"
timestamp: "02/08/2023, 23:21:16.906174"

2023-02-08 23:21:16,936 - SubAppln - DEBUG - SubscriberMW::event_loop - run the event loop
2023-02-08 23:21:16,942 - SubAppln - DEBUG - SubscriberMW::handle_message
2023-02-08 23:21:16,942 - SubAppln - DEBUG - SubscriberAppln::driver - Received topic: "light"
content: "800"
timestamp: "02/08/2023, 23:21:16.906305"

2023-02-08 23:21:16,942 - SubAppln - DEBUG - SubscriberMW::event_loop - run the event loop
2023-02-08 23:21:16,945 - SubAppln - DEBUG - SubscriberMW::handle_message
2023-02-08 23:21:16,945 - SubAppln - DEBUG - SubscriberAppln::driver - Received topic: "airquality"
content: "good"
timestamp: "02/08/2023, 23:21:16.906609"

2023-02-08 23:21:16,945 - SubAppln - DEBUG - SubscriberMW::event_loop - run the event loop
2023-02-08 23:21:16,946 - SubAppln - DEBUG - SubscriberMW::handle_message
2023-02-08 23:21:16,946 - SubAppln - DEBUG - SubscriberAppln::driver - Received topic: "location"
content: "America"
timestamp: "02/08/2023, 23:21:16.906910"

2023-02-08 23:21:16,946 - SubAppln - DEBUG - SubscriberMW::event_loop - run the event loop
2023-02-08 23:21:16,947 - SubAppln - DEBUG - SubscriberMW::handle_message
2023-02-08 23:21:16,947 - SubAppln - DEBUG - SubscriberAppln::driver - Received topic: "light"
content: "1100"
timestamp: "02/08/2023, 23:21:16.907077"

2023-02-08 23:21:16,947 - SubAppln - DEBUG - SubscriberMW::event_loop - run the event loop
2023-02-08 23:21:16,956 - SubAppln - DEBUG - SubscriberMW::handle_message
2023-02-08 23:21:16,956 - SubAppln - DEBUG - SubscriberAppln::driver - Received topic: "airquality"
content: "good"
timestamp: "02/08/2023, 23:21:16.907344"

2023-02-08 23:21:16,956 - SubAppln - DEBUG - SubscriberMW::event_loop - run the event loop
2023-02-08 23:21:16,958 - SubAppln - DEBUG - SubscriberMW::handle_message
2023-02-08 23:21:16,959 - SubAppln - DEBUG - SubscriberAppln::driver - Received topic: "location"
content: "Australia"
timestamp: "02/08/2023, 23:21:16.907669"

2023-02-08 23:21:16,959 - SubAppln - DEBUG - SubscriberMW::event_loop - run the event loop
2023-02-08 23:21:16,961 - SubAppln - DEBUG - SubscriberMW::handle_message
2023-02-08 23:21:16,961 - SubAppln - DEBUG - SubscriberAppln::driver - Received topic: "light"
content: "1600"
timestamp: "02/08/2023, 23:21:16.907800"

2023-02-08 23:21:16,961 - SubAppln - DEBUG - SubscriberMW::event_loop - run the event loop
2023-02-08 23:21:16,966 - SubAppln - DEBUG - SubscriberMW::handle_message
2023-02-08 23:21:16,967 - SubAppln - DEBUG - SubscriberAppln::driver - Received topic: "airquality"
content: "poor"
timestamp: "02/08/2023, 23:21:16.908122"

2023-02-08 23:21:16,967 - SubAppln - DEBUG - SubscriberMW::event_loop - run the event loop
2023-02-08 23:21:16,970 - SubAppln - DEBUG - SubscriberMW::handle_message
2023-02-08 23:21:16,970 - SubAppln - DEBUG - SubscriberAppln::driver - Received topic: "location"
content: "Europe"
timestamp: "02/08/2023, 23:21:16.908395"

2023-02-08 23:21:16,970 - SubAppln - DEBUG - SubscriberMW::event_loop - run the event loop
2023-02-08 23:21:16,974 - SubAppln - DEBUG - SubscriberMW::handle_message
2023-02-08 23:21:16,974 - SubAppln - DEBUG - SubscriberAppln::driver - Received topic: "light"
content: "450"
timestamp: "02/08/2023, 23:21:16.919609"

2023-02-08 23:21:16,974 - SubAppln - DEBUG - SubscriberMW::event_loop - run the event loop
2023-02-08 23:21:16,986 - SubAppln - DEBUG - SubscriberMW::handle_message
2023-02-08 23:21:16,986 - SubAppln - DEBUG - SubscriberAppln::driver - Received topic: "airquality"
content: "good"
timestamp: "02/08/2023, 23:21:16.919971"

2023-02-08 23:21:16,986 - SubAppln - DEBUG - SubscriberMW::event_loop - run the event loop
2023-02-08 23:21:16,992 - SubAppln - DEBUG - SubscriberMW::handle_message
2023-02-08 23:21:16,992 - SubAppln - DEBUG - SubscriberAppln::driver - Received topic: "location"
content: "Europe"
timestamp: "02/08/2023, 23:21:16.920211"

2023-02-08 23:21:16,992 - SubAppln - DEBUG - SubscriberMW::event_loop - run the event loop
2023-02-08 23:21:16,997 - SubAppln - DEBUG - SubscriberMW::handle_message
2023-02-08 23:21:16,997 - SubAppln - DEBUG - SubscriberAppln::driver - Received topic: "light"
content: "800"
timestamp: "02/08/2023, 23:21:16.920371"

2023-02-08 23:21:16,997 - SubAppln - DEBUG - SubscriberMW::event_loop - run the event loop
2023-02-08 23:21:17,008 - SubAppln - DEBUG - SubscriberMW::handle_message
2023-02-08 23:21:17,008 - SubAppln - DEBUG - SubscriberAppln::driver - Received topic: "airquality"
content: "smog"
timestamp: "02/08/2023, 23:21:16.920614"

2023-02-08 23:21:17,009 - SubAppln - DEBUG - SubscriberMW::event_loop - run the event loop
2023-02-08 23:21:17,013 - SubAppln - DEBUG - SubscriberMW::handle_message
2023-02-08 23:21:17,014 - SubAppln - DEBUG - SubscriberAppln::driver - Received topic: "location"
content: "Asia"
timestamp: "02/08/2023, 23:21:16.920909"

2023-02-08 23:21:17,014 - SubAppln - DEBUG - SubscriberMW::event_loop - run the event loop
2023-02-08 23:21:17,017 - SubAppln - DEBUG - SubscriberMW::handle_message
2023-02-08 23:21:17,017 - SubAppln - DEBUG - SubscriberAppln::driver - Received topic: "light"
content: "450"
timestamp: "02/08/2023, 23:21:16.921031"

2023-02-08 23:21:17,018 - SubAppln - DEBUG - SubscriberMW::event_loop - run the event loop
